<?xml version="1.0" encoding="UTF-8"?>
<!-- Generated by org.testng.reporters.JUnitXMLReporter -->
<testsuite hostname="FA051053" ignored="0" name="Default test" tests="8" failures="0" timestamp="26 Nov 2019 20:51:08 GMT" time="290.091" errors="0">
  <testcase name="CanvasChartTest" time="41.381" classname="tests.VisualAITests"/>
  <testcase name="DataDrivenTest" time="15.121" classname="tests.VisualAITests"/>
  <testcase name="DataDrivenTest" time="15.372" classname="tests.VisualAITests"/>
  <testcase name="DataDrivenTest" time="15.626" classname="tests.VisualAITests"/>
  <testcase name="DataDrivenTest" time="48.547" classname="tests.VisualAITests"/>
  <testcase name="DynamicContentTest" time="79.011" classname="tests.VisualAITests"/>
  <testcase name="LoginPageUIElementsTest" time="20.059" classname="tests.VisualAITests"/>
  <testcase name="TableSortTest" time="32.793" classname="tests.VisualAITests"/>
</testsuite> <!-- Default test -->
