<?xml version="1.0" encoding="UTF-8"?>
<!-- Generated by org.testng.reporters.JUnitXMLReporter -->
<testsuite hostname="FA051053" ignored="4" name="Default test" tests="1" failures="0" timestamp="26 Nov 2019 19:32:14 GMT" time="4.82" errors="0">
  <testcase name="CanvasChartTest" time="0.015" classname="tests.TraditionalTests"/>
  <testcase name="DataDrivenTest" time="0.0" classname="tests.TraditionalTests">
    <ignored/>
  </testcase> <!-- DataDrivenTest -->
  <testcase name="TableSortTest" time="0.0" classname="tests.TraditionalTests">
    <ignored/>
  </testcase> <!-- TableSortTest -->
  <testcase name="LoginPageUIElementsTest" time="0.0" classname="tests.TraditionalTests">
    <ignored/>
  </testcase> <!-- LoginPageUIElementsTest -->
  <testcase name="DynamicContentTest" time="0.0" classname="tests.TraditionalTests">
    <ignored/>
  </testcase> <!-- DynamicContentTest -->
</testsuite> <!-- Default test -->
