<?xml version="1.0" encoding="UTF-8"?>
<testng-results skipped="0" failed="0" ignored="4" total="5" passed="1">
  <reporter-output>
  </reporter-output>
  <suite name="Default suite" duration-ms="4820" started-at="2019-11-26T19:32:09Z" finished-at="2019-11-26T19:32:14Z">
    <groups>
    </groups>
    <test name="Default test" duration-ms="4820" started-at="2019-11-26T19:32:09Z" finished-at="2019-11-26T19:32:14Z">
      <class name="tests.TraditionalTests">
        <test-method status="PASS" signature="initialize()[pri:0, instance:tests.TraditionalTests@cb644e]" name="initialize" is-config="true" duration-ms="3931" started-at="2019-11-26T19:32:09Z" finished-at="2019-11-26T19:32:13Z">
          <reporter-output>
          </reporter-output>
        </test-method> <!-- initialize -->
        <test-method status="PASS" signature="CanvasChartTest()[pri:0, instance:tests.TraditionalTests@cb644e]" name="CanvasChartTest" duration-ms="15" started-at="2019-11-26T19:32:13Z" finished-at="2019-11-26T19:32:13Z">
          <reporter-output>
          </reporter-output>
        </test-method> <!-- CanvasChartTest -->
        <test-method status="PASS" signature="cleanUp()[pri:0, instance:tests.TraditionalTests@cb644e]" name="cleanUp" is-config="true" duration-ms="835" started-at="2019-11-26T19:32:13Z" finished-at="2019-11-26T19:32:14Z">
          <reporter-output>
          </reporter-output>
        </test-method> <!-- cleanUp -->
      </class> <!-- tests.TraditionalTests -->
    </test> <!-- Default test -->
  </suite> <!-- Default suite -->
</testng-results>
